{
  "stats": {
    "suites": 5,
    "tests": 5,
    "passes": 5,
    "pending": 0,
    "failures": 0,
    "start": "2025-02-05T12:59:05.261Z",
    "end": "2025-02-05T12:59:09.257Z",
    "duration": 3996,
    "testsRegistered": 5,
    "passPercent": 100,
    "pendingPercent": 0,
    "other": 0,
    "hasOther": false,
    "skipped": 0,
    "hasSkipped": false
  },
  "results": [
    {
      "uuid": "7864e520-1e59-47ea-a9fb-67ca025ae9ed",
      "title": "",
      "fullFile": "cypress/e2e/exerciseList1.cy.js",
      "file": "cypress/e2e/exerciseList1.cy.js",
      "beforeHooks": [],
      "afterHooks": [],
      "tests": [],
      "suites": [
        {
          "uuid": "67cfc6a0-6929-440d-8414-5dccd4e1a3e4",
          "title": "Visitar a página e ver pets diponíveis",
          "fullFile": "",
          "file": "",
          "beforeHooks": [],
          "afterHooks": [],
          "tests": [
            {
              "title": "Visitar a página e ver pets diponíveis",
              "fullTitle": "Visitar a página e ver pets diponíveis Visitar a página e ver pets diponíveis",
              "timedOut": null,
              "duration": 937,
              "state": "passed",
              "speed": "fast",
              "pass": true,
              "fail": false,
              "pending": false,
              "context": null,
              "code": "cy.visit('https://adopet-frontend-cypress.vercel.app/');\ncy.contains('a', 'Ver pets disponíveis para adoção').click();",
              "err": {},
              "uuid": "4b5cea7f-7625-4192-8c87-bd72389cfc72",
              "parentUUID": "67cfc6a0-6929-440d-8414-5dccd4e1a3e4",
              "isHook": false,
              "skipped": false
            }
          ],
          "suites": [],
          "passes": [
            "4b5cea7f-7625-4192-8c87-bd72389cfc72"
          ],
          "failures": [],
          "pending": [],
          "skipped": [],
          "duration": 937,
          "root": false,
          "rootEmpty": false,
          "_timeout": 2000
        },
        {
          "uuid": "f5f27ac7-7dcf-4e8d-84e2-4848c2387c43",
          "title": "Visitar a página principal e testar botões header",
          "fullFile": "",
          "file": "",
          "beforeHooks": [],
          "afterHooks": [],
          "tests": [
            {
              "title": "Visitar a página principal e testar botões header",
              "fullTitle": "Visitar a página principal e testar botões header Visitar a página principal e testar botões header",
              "timedOut": null,
              "duration": 284,
              "state": "passed",
              "speed": "fast",
              "pass": true,
              "fail": false,
              "pending": false,
              "context": null,
              "code": "cy.visit('https://adopet-frontend-cypress.vercel.app/');\ncy.get('.header__home').click();",
              "err": {},
              "uuid": "46aac308-0d0d-4fda-a978-48029ae086ee",
              "parentUUID": "f5f27ac7-7dcf-4e8d-84e2-4848c2387c43",
              "isHook": false,
              "skipped": false
            }
          ],
          "suites": [],
          "passes": [
            "46aac308-0d0d-4fda-a978-48029ae086ee"
          ],
          "failures": [],
          "pending": [],
          "skipped": [],
          "duration": 284,
          "root": false,
          "rootEmpty": false,
          "_timeout": 2000
        },
        {
          "uuid": "0ac4351f-2536-44c1-bd6f-4d9609dbc5de",
          "title": "Visitar a página de login",
          "fullFile": "",
          "file": "",
          "beforeHooks": [],
          "afterHooks": [],
          "tests": [
            {
              "title": "Visitar a página de login",
              "fullTitle": "Visitar a página de login Visitar a página de login",
              "timedOut": null,
              "duration": 127,
              "state": "passed",
              "speed": "fast",
              "pass": true,
              "fail": false,
              "pending": false,
              "context": null,
              "code": "cy.visit('https://adopet-frontend-cypress.vercel.app/login');",
              "err": {},
              "uuid": "5c7b0fa6-202a-431c-9e04-989280cff741",
              "parentUUID": "0ac4351f-2536-44c1-bd6f-4d9609dbc5de",
              "isHook": false,
              "skipped": false
            }
          ],
          "suites": [],
          "passes": [
            "5c7b0fa6-202a-431c-9e04-989280cff741"
          ],
          "failures": [],
          "pending": [],
          "skipped": [],
          "duration": 127,
          "root": false,
          "rootEmpty": false,
          "_timeout": 2000
        },
        {
          "uuid": "2a1aec81-120c-4091-a7e2-cceb3da78777",
          "title": "Visitar a página home",
          "fullFile": "",
          "file": "",
          "beforeHooks": [],
          "afterHooks": [],
          "tests": [
            {
              "title": "Visitar a página home",
              "fullTitle": "Visitar a página home Visitar a página home",
              "timedOut": null,
              "duration": 140,
              "state": "passed",
              "speed": "fast",
              "pass": true,
              "fail": false,
              "pending": false,
              "context": null,
              "code": "cy.visit('https://adopet-frontend-cypress.vercel.app/home');",
              "err": {},
              "uuid": "56d00bb5-2d13-405f-ae87-c37a9b0df687",
              "parentUUID": "2a1aec81-120c-4091-a7e2-cceb3da78777",
              "isHook": false,
              "skipped": false
            }
          ],
          "suites": [],
          "passes": [
            "56d00bb5-2d13-405f-ae87-c37a9b0df687"
          ],
          "failures": [],
          "pending": [],
          "skipped": [],
          "duration": 140,
          "root": false,
          "rootEmpty": false,
          "_timeout": 2000
        },
        {
          "uuid": "302da3dc-8a8f-4aae-94db-056436c66ebf",
          "title": "Visitar a página e ver pets diponíveis",
          "fullFile": "",
          "file": "",
          "beforeHooks": [],
          "afterHooks": [],
          "tests": [
            {
              "title": "Visitar a página e ver pets diponíveis",
              "fullTitle": "Visitar a página e ver pets diponíveis Visitar a página e ver pets diponíveis",
              "timedOut": null,
              "duration": 289,
              "state": "passed",
              "speed": "fast",
              "pass": true,
              "fail": false,
              "pending": false,
              "context": null,
              "code": "cy.visit('https://adopet-frontend-cypress.vercel.app/home');\ncy.get('.header__message').click();",
              "err": {},
              "uuid": "46dcd3e2-8dac-4d9a-9f2a-d49f2d16567f",
              "parentUUID": "302da3dc-8a8f-4aae-94db-056436c66ebf",
              "isHook": false,
              "skipped": false
            }
          ],
          "suites": [],
          "passes": [
            "46dcd3e2-8dac-4d9a-9f2a-d49f2d16567f"
          ],
          "failures": [],
          "pending": [],
          "skipped": [],
          "duration": 289,
          "root": false,
          "rootEmpty": false,
          "_timeout": 2000
        }
      ],
      "passes": [],
      "failures": [],
      "pending": [],
      "skipped": [],
      "duration": 0,
      "root": true,
      "rootEmpty": true,
      "_timeout": 2000
    }
  ],
  "meta": {
    "mocha": {
      "version": "7.0.1"
    },
    "mochawesome": {
      "options": {
        "quiet": false,
        "reportFilename": "mochawesome",
        "saveHtml": true,
        "saveJson": true,
        "consoleReporter": "spec",
        "useInlineDiffs": false,
        "code": true
      },
      "version": "7.1.3"
    },
    "marge": {
      "options": {
        "reportDir": "cypress/reports",
        "overwrite": false,
        "html": true,
        "json": true,
        "timestamp": "mmddyyyy_HHMMss"
      },
      "version": "6.2.0"
    }
  }
}