{
  "stats": {
    "suites": 1,
    "tests": 1,
    "passes": 1,
    "pending": 0,
    "failures": 0,
    "start": "2025-02-05T19:48:34.646Z",
    "end": "2025-02-05T19:48:38.611Z",
    "duration": 3965,
    "testsRegistered": 1,
    "passPercent": 100,
    "pendingPercent": 0,
    "other": 0,
    "hasOther": false,
    "skipped": 0,
    "hasSkipped": false
  },
  "results": [
    {
      "uuid": "79f8d2f1-bc57-434c-894f-d52787f95717",
      "title": "",
      "fullFile": "cypress/e2e/login-incorreto.cy.js",
      "file": "cypress/e2e/login-incorreto.cy.js",
      "beforeHooks": [],
      "afterHooks": [],
      "tests": [],
      "suites": [
        {
          "uuid": "a82fc9c2-54f1-4868-a9c7-119ec84c418c",
          "title": "Página de login",
          "fullFile": "",
          "file": "",
          "beforeHooks": [],
          "afterHooks": [],
          "tests": [
            {
              "title": "Verifica mensagem de falha ao fazer login",
              "fullTitle": "Página de login Verifica mensagem de falha ao fazer login",
              "timedOut": null,
              "duration": 1870,
              "state": "passed",
              "speed": "fast",
              "pass": true,
              "fail": false,
              "pending": false,
              "context": null,
              "code": "cy.get('[data-test=\"submit-button\"]').click(); // Aqui o cypress irá clicar no botão de entrar\ncy.contains('É necessário informar um endereço de email').should('be.visible'); // Aqui o cypress irá verificar se a mensagem de erro apareceu\ncy.contains('Insira sua senha').should('be.visible');",
              "err": {},
              "uuid": "b39da4c6-a16c-42fa-880f-d913ae7544d6",
              "parentUUID": "a82fc9c2-54f1-4868-a9c7-119ec84c418c",
              "isHook": false,
              "skipped": false
            }
          ],
          "suites": [],
          "passes": [
            "b39da4c6-a16c-42fa-880f-d913ae7544d6"
          ],
          "failures": [],
          "pending": [],
          "skipped": [],
          "duration": 1870,
          "root": false,
          "rootEmpty": false,
          "_timeout": 2000
        }
      ],
      "passes": [],
      "failures": [],
      "pending": [],
      "skipped": [],
      "duration": 0,
      "root": true,
      "rootEmpty": true,
      "_timeout": 2000
    }
  ],
  "meta": {
    "mocha": {
      "version": "7.0.1"
    },
    "mochawesome": {
      "options": {
        "quiet": false,
        "reportFilename": "mochawesome",
        "saveHtml": true,
        "saveJson": true,
        "consoleReporter": "spec",
        "useInlineDiffs": false,
        "code": true
      },
      "version": "7.1.3"
    },
    "marge": {
      "options": {
        "reportDir": "cypress/reports",
        "overwrite": false,
        "html": true,
        "json": true,
        "timestamp": "mmddyyyy_HHMMss"
      },
      "version": "6.2.0"
    }
  }
}