{
  "stats": {
    "suites": 1,
    "tests": 1,
    "passes": 1,
    "pending": 0,
    "failures": 0,
    "start": "2025-02-05T12:58:50.163Z",
    "end": "2025-02-05T12:58:55.334Z",
    "duration": 5171,
    "testsRegistered": 1,
    "passPercent": 100,
    "pendingPercent": 0,
    "other": 0,
    "hasOther": false,
    "skipped": 0,
    "hasSkipped": false
  },
  "results": [
    {
      "uuid": "47e3b31b-7551-4ea0-855d-db332c3f328b",
      "title": "",
      "fullFile": "cypress/e2e/cadastro-correto.cy.js",
      "file": "cypress/e2e/cadastro-correto.cy.js",
      "beforeHooks": [],
      "afterHooks": [],
      "tests": [],
      "suites": [
        {
          "uuid": "f0fe5bdf-2262-4f8a-888f-23d594e804e2",
          "title": "Página de cadastro",
          "fullFile": "",
          "file": "",
          "beforeHooks": [],
          "afterHooks": [],
          "tests": [
            {
              "title": "Preenchendo o formulário de cadastro corretamente",
              "fullTitle": "Página de cadastro Preenchendo o formulário de cadastro corretamente",
              "timedOut": null,
              "duration": 2992,
              "state": "passed",
              "speed": "fast",
              "pass": true,
              "fail": false,
              "pending": false,
              "context": null,
              "code": "cy.visit('https://adopet-frontend-cypress.vercel.app/'); // Aqui se inicia o teste e o cypress irá visitar a página do site\ncy.get('[data-test=\"register-button\"]').click(); // Aqui o cypress irá clicar no link de cadastro\ncy.cadastrar('Lucas Lobato', 'lucas@email.com', 'Senha123', 'Senha123');",
              "err": {},
              "uuid": "d765308e-4a3e-464b-bc5f-19aa8a6425ff",
              "parentUUID": "f0fe5bdf-2262-4f8a-888f-23d594e804e2",
              "isHook": false,
              "skipped": false
            }
          ],
          "suites": [],
          "passes": [
            "d765308e-4a3e-464b-bc5f-19aa8a6425ff"
          ],
          "failures": [],
          "pending": [],
          "skipped": [],
          "duration": 2992,
          "root": false,
          "rootEmpty": false,
          "_timeout": 2000
        }
      ],
      "passes": [],
      "failures": [],
      "pending": [],
      "skipped": [],
      "duration": 0,
      "root": true,
      "rootEmpty": true,
      "_timeout": 2000
    }
  ],
  "meta": {
    "mocha": {
      "version": "7.0.1"
    },
    "mochawesome": {
      "options": {
        "quiet": false,
        "reportFilename": "mochawesome",
        "saveHtml": true,
        "saveJson": true,
        "consoleReporter": "spec",
        "useInlineDiffs": false,
        "code": true
      },
      "version": "7.1.3"
    },
    "marge": {
      "options": {
        "reportDir": "cypress/reports",
        "overwrite": false,
        "html": true,
        "json": true,
        "timestamp": "mmddyyyy_HHMMss"
      },
      "version": "6.2.0"
    }
  }
}